This is pdfTeX, Version 3.14159265-2.6-1.40.20 (MiKTeX 2.9.7250 64-bit) (preloaded format=pdflatex 2020.11.2)  8 OCT 2021 18:34
entering extended mode
**./DT2021cct.tex
(DT2021cct.tex
LaTeX2e <2019-10-01> patch level 3
("C:\Program Files\MiKTeX 2.9\tex/latex/base\article.cls"
Document Class: article 2019/10/25 v1.4k Standard LaTeX document class
("C:\Program Files\MiKTeX 2.9\tex/latex/base\size12.clo"
File: size12.clo 2019/10/25 v1.4k Standard LaTeX file (size option)
)
\c@part=\count80
\c@section=\count81
\c@subsection=\count82
\c@subsubsection=\count83
\c@paragraph=\count84
\c@subparagraph=\count85
\c@figure=\count86
\c@table=\count87
\abovecaptionskip=\skip41
\belowcaptionskip=\skip42
\bibindent=\dimen102
) ("C:\Program Files\MiKTeX 2.9\tex/latex/lm\lmodern.sty"
Package: lmodern 2009/10/30 v1.6 Latin Modern Fonts
LaTeX Font Info:    Overwriting symbol font `operators' in version `normal'
(Font)                  OT1/cmr/m/n --> OT1/lmr/m/n on input line 22.
LaTeX Font Info:    Overwriting symbol font `letters' in version `normal'
(Font)                  OML/cmm/m/it --> OML/lmm/m/it on input line 23.
LaTeX Font Info:    Overwriting symbol font `symbols' in version `normal'
(Font)                  OMS/cmsy/m/n --> OMS/lmsy/m/n on input line 24.
LaTeX Font Info:    Overwriting symbol font `largesymbols' in version `normal'
(Font)                  OMX/cmex/m/n --> OMX/lmex/m/n on input line 25.
LaTeX Font Info:    Overwriting symbol font `operators' in version `bold'
(Font)                  OT1/cmr/bx/n --> OT1/lmr/bx/n on input line 26.
LaTeX Font Info:    Overwriting symbol font `letters' in version `bold'
(Font)                  OML/cmm/b/it --> OML/lmm/b/it on input line 27.
LaTeX Font Info:    Overwriting symbol font `symbols' in version `bold'
(Font)                  OMS/cmsy/b/n --> OMS/lmsy/b/n on input line 28.
LaTeX Font Info:    Overwriting symbol font `largesymbols' in version `bold'
(Font)                  OMX/cmex/m/n --> OMX/lmex/m/n on input line 29.
LaTeX Font Info:    Overwriting math alphabet `\mathbf' in version `normal'
(Font)                  OT1/cmr/bx/n --> OT1/lmr/bx/n on input line 31.
LaTeX Font Info:    Overwriting math alphabet `\mathsf' in version `normal'
(Font)                  OT1/cmss/m/n --> OT1/lmss/m/n on input line 32.
LaTeX Font Info:    Overwriting math alphabet `\mathit' in version `normal'
(Font)                  OT1/cmr/m/it --> OT1/lmr/m/it on input line 33.
LaTeX Font Info:    Overwriting math alphabet `\mathtt' in version `normal'
(Font)                  OT1/cmtt/m/n --> OT1/lmtt/m/n on input line 34.
LaTeX Font Info:    Overwriting math alphabet `\mathbf' in version `bold'
(Font)                  OT1/cmr/bx/n --> OT1/lmr/bx/n on input line 35.
LaTeX Font Info:    Overwriting math alphabet `\mathsf' in version `bold'
(Font)                  OT1/cmss/bx/n --> OT1/lmss/bx/n on input line 36.
LaTeX Font Info:    Overwriting math alphabet `\mathit' in version `bold'
(Font)                  OT1/cmr/bx/it --> OT1/lmr/bx/it on input line 37.
LaTeX Font Info:    Overwriting math alphabet `\mathtt' in version `bold'
(Font)                  OT1/cmtt/m/n --> OT1/lmtt/m/n on input line 38.
) ("C:\Program Files\MiKTeX 2.9\tex/latex/amsfonts\amssymb.sty"
Package: amssymb 2013/01/14 v3.01 AMS font symbols
("C:\Program Files\MiKTeX 2.9\tex/latex/amsfonts\amsfonts.sty"
Package: amsfonts 2013/01/14 v3.01 Basic AMSFonts support
\@emptytoks=\toks14
\symAMSa=\mathgroup4
\symAMSb=\mathgroup5
LaTeX Font Info:    Redeclaring math symbol \hbar on input line 98.
LaTeX Font Info:    Overwriting math alphabet `\mathfrak' in version `bold'
(Font)                  U/euf/m/n --> U/euf/b/n on input line 106.
)) ("C:\Program Files\MiKTeX 2.9\tex/latex/amsmath\amsmath.sty"
Package: amsmath 2019/11/16 v2.17d AMS math features
\@mathmargin=\skip43
For additional information on amsmath, use the `?' option.
("C:\Program Files\MiKTeX 2.9\tex/latex/amsmath\amstext.sty"
Package: amstext 2000/06/29 v2.01 AMS text
("C:\Program Files\MiKTeX 2.9\tex/latex/amsmath\amsgen.sty"
File: amsgen.sty 1999/11/30 v2.0 generic functions
\@emptytoks=\toks15
\ex@=\dimen103
)) ("C:\Program Files\MiKTeX 2.9\tex/latex/amsmath\amsbsy.sty"
Package: amsbsy 1999/11/29 v1.2d Bold Symbols
\pmbraise@=\dimen104
) ("C:\Program Files\MiKTeX 2.9\tex/latex/amsmath\amsopn.sty"
Package: amsopn 2016/03/08 v2.02 operator names
)
\inf@bad=\count88
LaTeX Info: Redefining \frac on input line 227.
\uproot@=\count89
\leftroot@=\count90
LaTeX Info: Redefining \overline on input line 389.
\classnum@=\count91
\DOTSCASE@=\count92
LaTeX Info: Redefining \ldots on input line 486.
LaTeX Info: Redefining \dots on input line 489.
LaTeX Info: Redefining \cdots on input line 610.
\Mathstrutbox@=\box27
\strutbox@=\box28
\big@size=\dimen105
LaTeX Font Info:    Redeclaring font encoding OML on input line 733.
LaTeX Font Info:    Redeclaring font encoding OMS on input line 734.
\macc@depth=\count93
\c@MaxMatrixCols=\count94
\dotsspace@=\muskip10
\c@parentequation=\count95
\dspbrk@lvl=\count96
\tag@help=\toks16
\row@=\count97
\column@=\count98
\maxfields@=\count99
\andhelp@=\toks17
\eqnshift@=\dimen106
\alignsep@=\dimen107
\tagshift@=\dimen108
\tagwidth@=\dimen109
\totwidth@=\dimen110
\lineht@=\dimen111
\@envbody=\toks18
\multlinegap=\skip44
\multlinetaggap=\skip45
\mathdisplay@stack=\toks19
LaTeX Info: Redefining \[ on input line 2858.
LaTeX Info: Redefining \] on input line 2859.
) ("C:\Program Files\MiKTeX 2.9\tex/generic/iftex\ifxetex.sty"
Package: ifxetex 2019/10/25 v0.7 ifxetex legacy package. Use iftex instead.
("C:\Program Files\MiKTeX 2.9\tex/generic/iftex\iftex.sty"
Package: iftex 2019/11/07 v1.0c TeX engine tests
)) ("C:\Program Files\MiKTeX 2.9\tex/generic/iftex\ifluatex.sty"
Package: ifluatex 2019/10/25 v1.5 ifluatex legacy package. Use iftex instead.
) ("C:\Program Files\MiKTeX 2.9\tex/latex/base\fontenc.sty"
Package: fontenc 2018/08/11 v2.0j Standard LaTeX package
("C:\Program Files\MiKTeX 2.9\tex/latex/base\t1enc.def"
File: t1enc.def 2018/08/11 v2.0j Standard LaTeX file
LaTeX Font Info:    Redeclaring font encoding T1 on input line 48.
)) ("C:\Program Files\MiKTeX 2.9\tex/latex/base\inputenc.sty"
Package: inputenc 2018/08/11 v1.3c Input encoding file
\inpenc@prehook=\toks20
\inpenc@posthook=\toks21
) ("C:\Program Files\MiKTeX 2.9\tex/latex/base\textcomp.sty"
Package: textcomp 2018/08/11 v2.0j Standard LaTeX package
Package textcomp Info: Sub-encoding information:
(textcomp)               5 = only ISO-Adobe without \textcurrency
(textcomp)               4 = 5 + \texteuro
(textcomp)               3 = 4 + \textohm
(textcomp)               2 = 3 + \textestimated + \textcurrency
(textcomp)               1 = TS1 - \textcircled - \t
(textcomp)               0 = TS1 (full)
(textcomp)             Font families with sub-encoding setting implement
(textcomp)             only a restricted character set as indicated.
(textcomp)             Family '?' is the default used for unknown fonts.
(textcomp)             See the documentation for details.
Package textcomp Info: Setting ? sub-encoding to TS1/1 on input line 79.
("C:\Program Files\MiKTeX 2.9\tex/latex/base\ts1enc.def"
File: ts1enc.def 2001/06/05 v3.0e (jk/car/fm) Standard LaTeX file
Now handling font encoding TS1 ...
... processing UTF-8 mapping file for font encoding TS1
("C:\Program Files\MiKTeX 2.9\tex/latex/base\ts1enc.dfu"
File: ts1enc.dfu 2019/07/11 v1.2j UTF-8 support for inputenc
   defining Unicode char U+00A2 (decimal 162)
   defining Unicode char U+00A3 (decimal 163)
   defining Unicode char U+00A4 (decimal 164)
   defining Unicode char U+00A5 (decimal 165)
   defining Unicode char U+00A6 (decimal 166)
   defining Unicode char U+00A7 (decimal 167)
   defining Unicode char U+00A8 (decimal 168)
   defining Unicode char U+00A9 (decimal 169)
   defining Unicode char U+00AA (decimal 170)
   defining Unicode char U+00AC (decimal 172)
   defining Unicode char U+00AE (decimal 174)
   defining Unicode char U+00AF (decimal 175)
   defining Unicode char U+00B0 (decimal 176)
   defining Unicode char U+00B1 (decimal 177)
   defining Unicode char U+00B2 (decimal 178)
   defining Unicode char U+00B3 (decimal 179)
   defining Unicode char U+00B4 (decimal 180)
   defining Unicode char U+00B5 (decimal 181)
   defining Unicode char U+00B6 (decimal 182)
   defining Unicode char U+00B7 (decimal 183)
   defining Unicode char U+00B9 (decimal 185)
   defining Unicode char U+00BA (decimal 186)
   defining Unicode char U+00BC (decimal 188)
   defining Unicode char U+00BD (decimal 189)
   defining Unicode char U+00BE (decimal 190)
   defining Unicode char U+00D7 (decimal 215)
   defining Unicode char U+00F7 (decimal 247)
   defining Unicode char U+0192 (decimal 402)
   defining Unicode char U+02C7 (decimal 711)
   defining Unicode char U+02D8 (decimal 728)
   defining Unicode char U+02DD (decimal 733)
   defining Unicode char U+0E3F (decimal 3647)
   defining Unicode char U+2016 (decimal 8214)
   defining Unicode char U+2020 (decimal 8224)
   defining Unicode char U+2021 (decimal 8225)
   defining Unicode char U+2022 (decimal 8226)
   defining Unicode char U+2030 (decimal 8240)
   defining Unicode char U+2031 (decimal 8241)
   defining Unicode char U+203B (decimal 8251)
   defining Unicode char U+203D (decimal 8253)
   defining Unicode char U+2044 (decimal 8260)
   defining Unicode char U+204E (decimal 8270)
   defining Unicode char U+2052 (decimal 8274)
   defining Unicode char U+20A1 (decimal 8353)
   defining Unicode char U+20A4 (decimal 8356)
   defining Unicode char U+20A6 (decimal 8358)
   defining Unicode char U+20A9 (decimal 8361)
   defining Unicode char U+20AB (decimal 8363)
   defining Unicode char U+20AC (decimal 8364)
   defining Unicode char U+20B1 (decimal 8369)
   defining Unicode char U+2103 (decimal 8451)
   defining Unicode char U+2116 (decimal 8470)
   defining Unicode char U+2117 (decimal 8471)
   defining Unicode char U+211E (decimal 8478)
   defining Unicode char U+2120 (decimal 8480)
   defining Unicode char U+2122 (decimal 8482)
   defining Unicode char U+2126 (decimal 8486)
   defining Unicode char U+2127 (decimal 8487)
   defining Unicode char U+212E (decimal 8494)
   defining Unicode char U+2190 (decimal 8592)
   defining Unicode char U+2191 (decimal 8593)
   defining Unicode char U+2192 (decimal 8594)
   defining Unicode char U+2193 (decimal 8595)
   defining Unicode char U+2329 (decimal 9001)
   defining Unicode char U+232A (decimal 9002)
   defining Unicode char U+2422 (decimal 9250)
   defining Unicode char U+25E6 (decimal 9702)
   defining Unicode char U+25EF (decimal 9711)
   defining Unicode char U+266A (decimal 9834)
   defining Unicode char U+27E8 (decimal 10216)
   defining Unicode char U+27E9 (decimal 10217)
   defining Unicode char U+FEFF (decimal 65279)
))
LaTeX Info: Redefining \oldstylenums on input line 334.
Package textcomp Info: Setting cmr sub-encoding to TS1/0 on input line 349.
Package textcomp Info: Setting cmss sub-encoding to TS1/0 on input line 350.
Package textcomp Info: Setting cmtt sub-encoding to TS1/0 on input line 351.
Package textcomp Info: Setting cmvtt sub-encoding to TS1/0 on input line 352.
Package textcomp Info: Setting cmbr sub-encoding to TS1/0 on input line 353.
Package textcomp Info: Setting cmtl sub-encoding to TS1/0 on input line 354.
Package textcomp Info: Setting ccr sub-encoding to TS1/0 on input line 355.
Package textcomp Info: Setting ptm sub-encoding to TS1/4 on input line 356.
Package textcomp Info: Setting pcr sub-encoding to TS1/4 on input line 357.
Package textcomp Info: Setting phv sub-encoding to TS1/4 on input line 358.
Package textcomp Info: Setting ppl sub-encoding to TS1/3 on input line 359.
Package textcomp Info: Setting pag sub-encoding to TS1/4 on input line 360.
Package textcomp Info: Setting pbk sub-encoding to TS1/4 on input line 361.
Package textcomp Info: Setting pnc sub-encoding to TS1/4 on input line 362.
Package textcomp Info: Setting pzc sub-encoding to TS1/4 on input line 363.
Package textcomp Info: Setting bch sub-encoding to TS1/4 on input line 364.
Package textcomp Info: Setting put sub-encoding to TS1/5 on input line 365.
Package textcomp Info: Setting uag sub-encoding to TS1/5 on input line 366.
Package textcomp Info: Setting ugq sub-encoding to TS1/5 on input line 367.
Package textcomp Info: Setting ul8 sub-encoding to TS1/4 on input line 368.
Package textcomp Info: Setting ul9 sub-encoding to TS1/4 on input line 369.
Package textcomp Info: Setting augie sub-encoding to TS1/5 on input line 370.
Package textcomp Info: Setting dayrom sub-encoding to TS1/3 on input line 371.
Package textcomp Info: Setting dayroms sub-encoding to TS1/3 on input line 372.

Package textcomp Info: Setting pxr sub-encoding to TS1/0 on input line 373.
Package textcomp Info: Setting pxss sub-encoding to TS1/0 on input line 374.
Package textcomp Info: Setting pxtt sub-encoding to TS1/0 on input line 375.
Package textcomp Info: Setting txr sub-encoding to TS1/0 on input line 376.
Package textcomp Info: Setting txss sub-encoding to TS1/0 on input line 377.
Package textcomp Info: Setting txtt sub-encoding to TS1/0 on input line 378.
Package textcomp Info: Setting lmr sub-encoding to TS1/0 on input line 379.
Package textcomp Info: Setting lmdh sub-encoding to TS1/0 on input line 380.
Package textcomp Info: Setting lmss sub-encoding to TS1/0 on input line 381.
Package textcomp Info: Setting lmssq sub-encoding to TS1/0 on input line 382.
Package textcomp Info: Setting lmvtt sub-encoding to TS1/0 on input line 383.
Package textcomp Info: Setting lmtt sub-encoding to TS1/0 on input line 384.
Package textcomp Info: Setting qhv sub-encoding to TS1/0 on input line 385.
Package textcomp Info: Setting qag sub-encoding to TS1/0 on input line 386.
Package textcomp Info: Setting qbk sub-encoding to TS1/0 on input line 387.
Package textcomp Info: Setting qcr sub-encoding to TS1/0 on input line 388.
Package textcomp Info: Setting qcs sub-encoding to TS1/0 on input line 389.
Package textcomp Info: Setting qpl sub-encoding to TS1/0 on input line 390.
Package textcomp Info: Setting qtm sub-encoding to TS1/0 on input line 391.
Package textcomp Info: Setting qzc sub-encoding to TS1/0 on input line 392.
Package textcomp Info: Setting qhvc sub-encoding to TS1/0 on input line 393.
Package textcomp Info: Setting futs sub-encoding to TS1/4 on input line 394.
Package textcomp Info: Setting futx sub-encoding to TS1/4 on input line 395.
Package textcomp Info: Setting futj sub-encoding to TS1/4 on input line 396.
Package textcomp Info: Setting hlh sub-encoding to TS1/3 on input line 397.
Package textcomp Info: Setting hls sub-encoding to TS1/3 on input line 398.
Package textcomp Info: Setting hlst sub-encoding to TS1/3 on input line 399.
Package textcomp Info: Setting hlct sub-encoding to TS1/5 on input line 400.
Package textcomp Info: Setting hlx sub-encoding to TS1/5 on input line 401.
Package textcomp Info: Setting hlce sub-encoding to TS1/5 on input line 402.
Package textcomp Info: Setting hlcn sub-encoding to TS1/5 on input line 403.
Package textcomp Info: Setting hlcw sub-encoding to TS1/5 on input line 404.
Package textcomp Info: Setting hlcf sub-encoding to TS1/5 on input line 405.
Package textcomp Info: Setting pplx sub-encoding to TS1/3 on input line 406.
Package textcomp Info: Setting pplj sub-encoding to TS1/3 on input line 407.
Package textcomp Info: Setting ptmx sub-encoding to TS1/4 on input line 408.
Package textcomp Info: Setting ptmj sub-encoding to TS1/4 on input line 409.
) (C:\Users\cgatica\AppData\Roaming\MiKTeX\2.9\tex/latex/upquote\upquote.sty
Package: upquote 2012/04/19 v1.3 upright-quote and grave-accent glyphs in verba
tim
) (C:\Users\cgatica\AppData\Roaming\MiKTeX\2.9\tex/latex/microtype\microtype.st
y
Package: microtype 2019/11/18 v2.7d Micro-typographical refinements (RS)
("C:\Program Files\MiKTeX 2.9\tex/latex/graphics\keyval.sty"
Package: keyval 2014/10/28 v1.15 key=value parser (DPC)
\KV@toks@=\toks22
)
\MT@toks=\toks23
\MT@count=\count100
LaTeX Info: Redefining \textls on input line 790.
\MT@outer@kern=\dimen112
LaTeX Info: Redefining \textmicrotypecontext on input line 1354.
\MT@listname@count=\count101

(C:\Users\cgatica\AppData\Roaming\MiKTeX\2.9\tex/latex/microtype\microtype-pdft
ex.def
File: microtype-pdftex.def 2019/11/18 v2.7d Definitions specific to pdftex (RS)

LaTeX Info: Redefining \lsstyle on input line 914.
LaTeX Info: Redefining \lslig on input line 914.
\MT@outer@space=\skip46
)
Package microtype Info: Loading configuration file microtype.cfg.
(C:\Users\cgatica\AppData\Roaming\MiKTeX\2.9\tex/latex/microtype\microtype.cfg
File: microtype.cfg 2019/11/18 v2.7d microtype main configuration file (RS)
)) (C:\Users\cgatica\AppData\Roaming\MiKTeX\2.9\tex/latex/parskip\parskip.sty
Package: parskip 2020-06-15 v2.0f non-zero parskip adjustments
("C:\Program Files\MiKTeX 2.9\tex/latex/oberdiek\kvoptions.sty"
Package: kvoptions 2016/05/16 v3.12 Key value format for package options (HO)
("C:\Program Files\MiKTeX 2.9\tex/generic/oberdiek\ltxcmds.sty"
Package: ltxcmds 2016/05/16 v1.23 LaTeX kernel commands for general use (HO)
) ("C:\Program Files\MiKTeX 2.9\tex/generic/oberdiek\kvsetkeys.sty"
Package: kvsetkeys 2016/05/16 v1.17 Key value parser (HO)
("C:\Program Files\MiKTeX 2.9\tex/generic/oberdiek\infwarerr.sty"
Package: infwarerr 2016/05/16 v1.4 Providing info/warning/error messages (HO)
) ("C:\Program Files\MiKTeX 2.9\tex/generic/oberdiek\etexcmds.sty"
Package: etexcmds 2016/05/16 v1.6 Avoid name clashes with e-TeX commands (HO)
))) ("C:\Program Files\MiKTeX 2.9\tex/latex/etoolbox\etoolbox.sty"
Package: etoolbox 2019/09/21 v2.5h e-TeX tools for LaTeX (JAW)
\etb@tempcnta=\count102
)) ("C:\Program Files\MiKTeX 2.9\tex/latex/xcolor\xcolor.sty"
Package: xcolor 2016/05/11 v2.12 LaTeX color extensions (UK)
("C:\Program Files\MiKTeX 2.9\tex/latex/graphics-cfg\color.cfg"
File: color.cfg 2016/01/02 v1.6 sample color configuration
)
Package xcolor Info: Driver file: pdftex.def on input line 225.
("C:\Program Files\MiKTeX 2.9\tex/latex/graphics-def\pdftex.def"
File: pdftex.def 2018/01/08 v1.0l Graphics/color driver for pdftex
)
Package xcolor Info: Model `cmy' substituted by `cmy0' on input line 1348.
Package xcolor Info: Model `hsb' substituted by `rgb' on input line 1352.
Package xcolor Info: Model `RGB' extended on input line 1364.
Package xcolor Info: Model `HTML' substituted by `rgb' on input line 1366.
Package xcolor Info: Model `Hsb' substituted by `hsb' on input line 1367.
Package xcolor Info: Model `tHsb' substituted by `hsb' on input line 1368.
Package xcolor Info: Model `HSB' substituted by `hsb' on input line 1369.
Package xcolor Info: Model `Gray' substituted by `gray' on input line 1370.
Package xcolor Info: Model `wave' substituted by `hsb' on input line 1371.
) (C:\Users\cgatica\AppData\Roaming\MiKTeX\2.9\tex/latex/xurl\xurl.sty
Package: xurl 2020/01/24 v 0.09 modify URL breaks
("C:\Program Files\MiKTeX 2.9\tex/latex/url\url.sty"
\Urlmuskip=\muskip11
Package: url 2013/09/16  ver 3.4  Verb mode for urls, etc.
)) ("C:\Program Files\MiKTeX 2.9\tex/latex/oberdiek\bookmark.sty"
Package: bookmark 2019/06/04 v1.27 PDF bookmarks (HO)
("C:\Program Files\MiKTeX 2.9\tex/generic/oberdiek\pdfescape.sty"
Package: pdfescape 2016/05/16 v1.14 Implements pdfTeX's escape features (HO)
("C:\Program Files\MiKTeX 2.9\tex/latex/pdftexcmds\pdftexcmds.sty"
Package: pdftexcmds 2019/11/24 v0.31 Utility functions of pdfTeX for LuaTeX (HO
)
Package pdftexcmds Info: \pdf@primitive is available.
Package pdftexcmds Info: \pdf@ifprimitive is available.
Package pdftexcmds Info: \pdfdraftmode found.
)) ("C:\Program Files\MiKTeX 2.9\tex/generic/iftex\ifpdf.sty"
Package: ifpdf 2019/10/25 v3.4 ifpdf legacy package. Use iftex instead.
) ("C:\Program Files\MiKTeX 2.9\tex/generic/iftex\ifvtex.sty"
Package: ifvtex 2019/10/25 v1.7 ifvtex legacy package. Use iftex instead.
) ("C:\Program Files\MiKTeX 2.9\tex/latex/hyperref\hyperref.sty"
Package: hyperref 2019/11/10 v7.00c Hypertext links for LaTeX
("C:\Program Files\MiKTeX 2.9\tex/generic/oberdiek\kvdefinekeys.sty"
Package: kvdefinekeys 2016/05/16 v1.4 Define keys (HO)
) ("C:\Program Files\MiKTeX 2.9\tex/latex/oberdiek\hycolor.sty"
Package: hycolor 2016/05/16 v1.8 Color options for hyperref/bookmark (HO)
("C:\Program Files\MiKTeX 2.9\tex/latex/oberdiek\xcolor-patch.sty"
Package: xcolor-patch 2016/05/16 xcolor patch
("C:\Program Files\MiKTeX 2.9\tex/latex/oberdiek\hopatch.sty"
Package: hopatch 2016/05/16 v1.3 Wrapper for package hooks (HO)
))) ("C:\Program Files\MiKTeX 2.9\tex/latex/oberdiek\letltxmacro.sty"
Package: letltxmacro 2016/05/16 v1.5 Let assignment for LaTeX macros (HO)
) ("C:\Program Files\MiKTeX 2.9\tex/latex/oberdiek\auxhook.sty"
Package: auxhook 2016/05/16 v1.4 Hooks for auxiliary files (HO)
)
\@linkdim=\dimen113
\Hy@linkcounter=\count103
\Hy@pagecounter=\count104
("C:\Program Files\MiKTeX 2.9\tex/latex/hyperref\pd1enc.def"
File: pd1enc.def 2019/11/10 v7.00c Hyperref: PDFDocEncoding definition (HO)
Now handling font encoding PD1 ...
... no UTF-8 mapping file for font encoding PD1
) ("C:\Program Files\MiKTeX 2.9\tex/generic/oberdiek\intcalc.sty"
Package: intcalc 2016/05/16 v1.2 Expandable calculations with integers (HO)
)
\Hy@SavedSpaceFactor=\count105
("C:\Program Files\MiKTeX 2.9\tex/latex/00miktex\hyperref.cfg"
File: hyperref.cfg 2002/06/06 v1.2 hyperref configuration of TeXLive
)
Package hyperref Info: Option `unicode' set `true' on input line 4409.
("C:\Program Files\MiKTeX 2.9\tex/latex/hyperref\puenc.def"
File: puenc.def 2019/11/10 v7.00c Hyperref: PDF Unicode definition (HO)
Now handling font encoding PU ...
... no UTF-8 mapping file for font encoding PU
)
Package hyperref Info: Hyper figures OFF on input line 4535.
Package hyperref Info: Link nesting OFF on input line 4540.
Package hyperref Info: Hyper index ON on input line 4543.
Package hyperref Info: Plain pages OFF on input line 4550.
Package hyperref Info: Backreferencing OFF on input line 4555.
Package hyperref Info: Implicit mode ON; LaTeX internals redefined.
Package hyperref Info: Bookmarks ON on input line 4788.
\c@Hy@tempcnt=\count106
LaTeX Info: Redefining \url on input line 5147.
\XeTeXLinkMargin=\dimen114
("C:\Program Files\MiKTeX 2.9\tex/generic/oberdiek\bitset.sty"
Package: bitset 2016/05/16 v1.2 Handle bit-vector datatype (HO)
("C:\Program Files\MiKTeX 2.9\tex/generic/oberdiek\bigintcalc.sty"
Package: bigintcalc 2016/05/16 v1.4 Expandable calculations on big integers (HO
)
))
\Fld@menulength=\count107
\Field@Width=\dimen115
\Fld@charsize=\dimen116
Package hyperref Info: Hyper figures OFF on input line 6418.
Package hyperref Info: Link nesting OFF on input line 6423.
Package hyperref Info: Hyper index ON on input line 6426.
Package hyperref Info: backreferencing OFF on input line 6433.
Package hyperref Info: Link coloring OFF on input line 6438.
Package hyperref Info: Link coloring with OCG OFF on input line 6443.
Package hyperref Info: PDF/A mode OFF on input line 6448.
LaTeX Info: Redefining \ref on input line 6488.
LaTeX Info: Redefining \pageref on input line 6492.
("C:\Program Files\MiKTeX 2.9\tex/generic/oberdiek\atbegshi.sty"
Package: atbegshi 2016/06/09 v1.18 At begin shipout hook (HO)
)
\Hy@abspage=\count108
\c@Item=\count109
\c@Hfootnote=\count110
)
Package hyperref Info: Driver (autodetected): hpdftex.
("C:\Program Files\MiKTeX 2.9\tex/latex/hyperref\hpdftex.def"
File: hpdftex.def 2019/11/10 v7.00c Hyperref driver for pdfTeX
("C:\Program Files\MiKTeX 2.9\tex/latex/oberdiek\atveryend.sty"
Package: atveryend 2016/05/16 v1.9 Hooks at the very end of document (HO)
)
\Fld@listcount=\count111
\c@bookmark@seq@number=\count112
("C:\Program Files\MiKTeX 2.9\tex/latex/oberdiek\rerunfilecheck.sty"
Package: rerunfilecheck 2016/05/16 v1.8 Rerun checks for auxiliary files (HO)
("C:\Program Files\MiKTeX 2.9\tex/generic/oberdiek\uniquecounter.sty"
Package: uniquecounter 2016/05/16 v1.3 Provide unlimited unique counter (HO)
)
Package uniquecounter Info: New unique counter `rerunfilecheck' on input line 2
85.
)
\Hy@SectionHShift=\skip47
) ("C:\Program Files\MiKTeX 2.9\tex/latex/oberdiek\bkm-pdftex.def"
File: bkm-pdftex.def 2019/06/04 v1.27 bookmark driver for pdfTeX (HO)
\BKM@id=\count113
)) (C:\Users\cgatica\AppData\Roaming\MiKTeX\2.9\tex/latex/geometry\geometry.sty
Package: geometry 2020/01/02 v5.9 Page Geometry
\Gm@cnth=\count114
\Gm@cntv=\count115
\c@Gm@tempcnt=\count116
\Gm@bindingoffset=\dimen117
\Gm@wd@mp=\dimen118
\Gm@odd@mp=\dimen119
\Gm@even@mp=\dimen120
\Gm@layoutwidth=\dimen121
\Gm@layoutheight=\dimen122
\Gm@layouthoffset=\dimen123
\Gm@layoutvoffset=\dimen124
\Gm@dimlist=\toks24
(C:\Users\cgatica\AppData\Roaming\MiKTeX\2.9\tex/latex/geometry\geometry.cfg)) 
("C:\Program Files\MiKTeX 2.9\tex/latex/graphics\graphicx.sty"
Package: graphicx 2017/06/01 v1.1a Enhanced LaTeX Graphics (DPC,SPQR)
("C:\Program Files\MiKTeX 2.9\tex/latex/graphics\graphics.sty"
Package: graphics 2019/11/01 v1.3d Standard LaTeX Graphics (DPC,SPQR)
("C:\Program Files\MiKTeX 2.9\tex/latex/graphics\trig.sty"
Package: trig 2016/01/03 v1.10 sin cos tan (DPC)
) ("C:\Program Files\MiKTeX 2.9\tex/latex/graphics-cfg\graphics.cfg"
File: graphics.cfg 2016/06/04 v1.11 sample graphics configuration
)
Package graphics Info: Driver file: pdftex.def on input line 105.
)
\Gin@req@height=\dimen125
\Gin@req@width=\dimen126
) (C:\Users\cgatica\AppData\Roaming\MiKTeX\2.9\tex/latex/grffile\grffile.sty
Package: grffile 2019/11/11 v2.1 Extended file name support for graphics (legac
y)
Package grffile Info: This package is an empty stub for compatibility on input 
line 40.
) (C:\Users\cgatica\AppData\Roaming\MiKTeX\2.9\tex/latex/placeins\placeins.sty
Package: placeins 2005/04/18  v 2.2
) ("C:\Program Files\MiKTeX 2.9\tex/generic/babel\babel.sty"
Package: babel 2019/11/14 3.36 The Babel package
("C:\Program Files\MiKTeX 2.9\tex/generic/babel\switch.def"
File: switch.def 2019/11/14 3.36 Babel switching mechanism
)
*************************************
* Local config file bblopts.cfg used
*
("C:\Program Files\MiKTeX 2.9\tex/latex/arabi\bblopts.cfg"
File: bblopts.cfg 2005/09/08 v0.1 add Arabic and Farsi to "declared" options of
 babel
)
(C:\Users\cgatica\AppData\Roaming\MiKTeX\2.9\tex/latex/babel-spanish\spanish.ld
f
Language: spanish.ldf 2016/03/03 v5.0p Spanish support from the babel system
("C:\Program Files\MiKTeX 2.9\tex/generic/babel\babel.def"
File: babel.def 2019/11/14 3.36 Babel common definitions
\babel@savecnt=\count117
\U@D=\dimen127
("C:\Program Files\MiKTeX 2.9\tex/generic/babel\txtbabel.def")
\bbl@dirlevel=\count118
)
\es@quottoks=\toks25
\es@quotdepth=\count119
Package babel Info: Making " an active character on input line 561.
Package babel Info: Making . an active character on input line 662.
Package babel Info: Making < an active character on input line 707.
Package babel Info: Making > an active character on input line 707.
)) (C:\Users\cgatica\AppData\Roaming\MiKTeX\2.9\tex/latex/float\float.sty
Package: float 2001/11/08 v1.3d Float enhancements (AL)
\c@float@type=\count120
\float@exts=\toks26
\float@box=\box29
\@float@everytoks=\toks27
\@floatcapt=\box30
) (DT2021cct.aux
LaTeX Info: Redefining \. on input line 25.
LaTeX Info: Redefining \% on input line 25.

LaTeX Warning: Label `data00' multiply defined.


LaTeX Warning: Label `fitcem00b' multiply defined.


LaTeX Warning: Label `compR' multiply defined.


LaTeX Warning: Label `compR' multiply defined.


LaTeX Warning: Label `compR' multiply defined.

)
\openout1 = `DT2021cct.aux'.

LaTeX Font Info:    Checking defaults for OML/cmm/m/it on input line 75.
LaTeX Font Info:    ... okay on input line 75.
LaTeX Font Info:    Checking defaults for T1/cmr/m/n on input line 75.
LaTeX Font Info:    ... okay on input line 75.
LaTeX Font Info:    Checking defaults for OT1/cmr/m/n on input line 75.
LaTeX Font Info:    ... okay on input line 75.
LaTeX Font Info:    Checking defaults for OMS/cmsy/m/n on input line 75.
LaTeX Font Info:    ... okay on input line 75.
LaTeX Font Info:    Checking defaults for OMX/cmex/m/n on input line 75.
LaTeX Font Info:    ... okay on input line 75.
LaTeX Font Info:    Checking defaults for U/cmr/m/n on input line 75.
LaTeX Font Info:    ... okay on input line 75.
LaTeX Font Info:    Checking defaults for TS1/cmr/m/n on input line 75.
LaTeX Font Info:    Trying to load font information for TS1+cmr on input line 7
5.
("C:\Program Files\MiKTeX 2.9\tex/latex/base\ts1cmr.fd"
File: ts1cmr.fd 2014/09/29 v2.5h Standard LaTeX font definitions
)
LaTeX Font Info:    ... okay on input line 75.
LaTeX Font Info:    Checking defaults for PD1/pdf/m/n on input line 75.
LaTeX Font Info:    ... okay on input line 75.
LaTeX Font Info:    Checking defaults for PU/pdf/m/n on input line 75.
LaTeX Font Info:    ... okay on input line 75.
LaTeX Font Info:    Trying to load font information for T1+lmr on input line 75
.
("C:\Program Files\MiKTeX 2.9\tex/latex/lm\t1lmr.fd"
File: t1lmr.fd 2009/10/30 v1.6 Font defs for Latin Modern
)
LaTeX Info: Redefining \microtypecontext on input line 75.
Package microtype Info: Generating PDF output.
Package microtype Info: Character protrusion enabled (level 2).
Package microtype Info: Using protrusion set `basicmath'.
Package microtype Info: Automatic font expansion enabled (level 2),
(microtype)             stretch: 20, shrink: 20, step: 1, non-selected.
Package microtype Info: Using default expansion set `basictext'.
LaTeX Info: Redefining \showhyphens on input line 75.
Package microtype Info: No adjustment of tracking.
Package microtype Info: No adjustment of interword spacing.
Package microtype Info: No adjustment of character kerning.
(C:\Users\cgatica\AppData\Roaming\MiKTeX\2.9\tex/latex/microtype\mt-cmr.cfg
File: mt-cmr.cfg 2013/05/19 v2.2 microtype config. file: Computer Modern Roman 
(RS)
) ("C:\Program Files\MiKTeX 2.9\tex/context/base/mkii\supp-pdf.mkii"
[Loading MPS to PDF converter (version 2006.09.02).]
\scratchcounter=\count121
\scratchdimen=\dimen128
\scratchbox=\box31
\nofMPsegments=\count122
\nofMParguments=\count123
\everyMPshowfont=\toks28
\MPscratchCnt=\count124
\MPscratchDim=\dimen129
\MPnumerator=\count125
\makeMPintoPDFobject=\count126
\everyMPtoPDFconversion=\toks29
) ("C:\Program Files\MiKTeX 2.9\tex/latex/epstopdf-pkg\epstopdf-base.sty"
Package: epstopdf-base 2019/11/24 v2.7 Base part for package epstopdf
("C:\Program Files\MiKTeX 2.9\tex/latex/oberdiek\grfext.sty"
Package: grfext 2016/05/16 v1.2 Manage graphics extensions (HO)
)
Package epstopdf-base Info: Redefining graphics rule for `.eps' on input line 4
42.
Package grfext Info: Graphics extension search list:
(grfext)             [.pdf,.png,.jpg,.mps,.jpeg,.jbig2,.jb2,.PDF,.PNG,.JPG,.JPE
G,.JBIG2,.JB2,.eps]
(grfext)             \AppendGraphicsExtensions on input line 460.
)
\AtBeginShipoutBox=\box32
Package hyperref Info: Link coloring OFF on input line 75.
("C:\Program Files\MiKTeX 2.9\tex/latex/hyperref\nameref.sty"
Package: nameref 2019/09/16 v2.46 Cross-referencing by name of section
("C:\Program Files\MiKTeX 2.9\tex/latex/oberdiek\refcount.sty"
Package: refcount 2016/05/16 v3.5 Data extraction from label references (HO)
) ("C:\Program Files\MiKTeX 2.9\tex/generic/oberdiek\gettitlestring.sty"
Package: gettitlestring 2016/05/16 v1.5 Cleanup title references (HO)
)
\c@section@level=\count127
)
LaTeX Info: Redefining \ref on input line 75.
LaTeX Info: Redefining \pageref on input line 75.
LaTeX Info: Redefining \nameref on input line 75.
*geometry* driver: auto-detecting
*geometry* detected driver: pdftex
*geometry* verbose mode - [ preamble ] result:
* driver: pdftex
* paper: a4paper
* layout: <same size as paper>
* layoutoffset:(h,v)=(0.0pt,0.0pt)
* modes: 
* h-part:(L,W,R)=(71.13188pt, 455.24411pt, 71.13188pt)
* v-part:(T,H,B)=(71.13188pt, 702.78308pt, 71.13188pt)
* \paperwidth=597.50787pt
* \paperheight=845.04684pt
* \textwidth=455.24411pt
* \textheight=702.78308pt
* \oddsidemargin=-1.1381pt
* \evensidemargin=-1.1381pt
* \topmargin=-38.1381pt
* \headheight=12.0pt
* \headsep=25.0pt
* \topskip=12.0pt
* \footskip=30.0pt
* \marginparwidth=35.0pt
* \marginparsep=10.0pt
* \columnsep=10.0pt
* \skip\footins=10.8pt plus 4.0pt minus 2.0pt
* \hoffset=0.0pt
* \voffset=0.0pt
* \mag=1000
* \@twocolumnfalse
* \@twosidefalse
* \@mparswitchfalse
* \@reversemarginfalse
* (1in=72.27pt=25.4mm, 1cm=28.453pt)

LaTeX Info: Redefining \. on input line 75.
LaTeX Info: Redefining \% on input line 75.
LaTeX Font Info:    Trying to load font information for OT1+lmr on input line 7
7.
("C:\Program Files\MiKTeX 2.9\tex/latex/lm\ot1lmr.fd"
File: ot1lmr.fd 2009/10/30 v1.6 Font defs for Latin Modern
)
LaTeX Font Info:    Trying to load font information for OML+lmm on input line 7
7.
("C:\Program Files\MiKTeX 2.9\tex/latex/lm\omllmm.fd"
File: omllmm.fd 2009/10/30 v1.6 Font defs for Latin Modern
)
LaTeX Font Info:    Trying to load font information for OMS+lmsy on input line 
77.
("C:\Program Files\MiKTeX 2.9\tex/latex/lm\omslmsy.fd"
File: omslmsy.fd 2009/10/30 v1.6 Font defs for Latin Modern
)
LaTeX Font Info:    Trying to load font information for OMX+lmex on input line 
77.
("C:\Program Files\MiKTeX 2.9\tex/latex/lm\omxlmex.fd"
File: omxlmex.fd 2009/10/30 v1.6 Font defs for Latin Modern
)
LaTeX Font Info:    External font `lmex10' loaded for size
(Font)              <14.4> on input line 77.
LaTeX Font Info:    External font `lmex10' loaded for size
(Font)              <10> on input line 77.
LaTeX Font Info:    External font `lmex10' loaded for size
(Font)              <7> on input line 77.
LaTeX Font Info:    Trying to load font information for U+msa on input line 77.

("C:\Program Files\MiKTeX 2.9\tex/latex/amsfonts\umsa.fd"
File: umsa.fd 2013/01/14 v3.01 AMS symbols A
) (C:\Users\cgatica\AppData\Roaming\MiKTeX\2.9\tex/latex/microtype\mt-msa.cfg
File: mt-msa.cfg 2006/02/04 v1.1 microtype config. file: AMS symbols (a) (RS)
)
LaTeX Font Info:    Trying to load font information for U+msb on input line 77.

("C:\Program Files\MiKTeX 2.9\tex/latex/amsfonts\umsb.fd"
File: umsb.fd 2013/01/14 v3.01 AMS symbols B
) (C:\Users\cgatica\AppData\Roaming\MiKTeX\2.9\tex/latex/microtype\mt-msb.cfg
File: mt-msb.cfg 2005/06/01 v1.0 microtype config. file: AMS symbols (b) (RS)
) [1

{C:/Users/cgatica/AppData/Local/MiKTeX/2.9/pdftex/config/pdftex.map}] (DT2021cc
t.toc
LaTeX Info: Redefining \. on input line 1.
LaTeX Info: Redefining \% on input line 1.
LaTeX Font Info:    External font `lmex10' loaded for size
(Font)              <12> on input line 3.
LaTeX Font Info:    External font `lmex10' loaded for size
(Font)              <8> on input line 3.
LaTeX Font Info:    External font `lmex10' loaded for size
(Font)              <6> on input line 3.
)
\tf@toc=\write3
\openout3 = `DT2021cct.toc'.

(DT2021cct.lot
LaTeX Info: Redefining \. on input line 1.
LaTeX Info: Redefining \% on input line 1.
)
\tf@lot=\write4
\openout4 = `DT2021cct.lot'.

(DT2021cct.lof
LaTeX Info: Redefining \. on input line 1.
LaTeX Info: Redefining \% on input line 1.
[2])
\tf@lof=\write5
\openout5 = `DT2021cct.lof'.

[3]
LaTeX Font Info:    Trying to load font information for TS1+lmr on input line 9
7.
("C:\Program Files\MiKTeX 2.9\tex/latex/lm\ts1lmr.fd"
File: ts1lmr.fd 2009/10/30 v1.6 Font defs for Latin Modern
) [4]
<c:/CEGM/MODEL/merluza/M21/E2021/m00/plots/catch1 landings.png, id=147, 469.755
pt x 361.35pt>
File: c:/CEGM/MODEL/merluza/M21/E2021/m00/plots/catch1 landings.png Graphic fil
e (type png)
<use c:/CEGM/MODEL/merluza/M21/E2021/m00/plots/catch1 landings.png>
Package pdftex.def Info: c:/CEGM/MODEL/merluza/M21/E2021/m00/plots/catch1 landi
ngs.png  used on input line 180.
(pdftex.def)             Requested size: 289.0804pt x 222.36954pt.
<c:/CEGM/MODEL/merluza/M21/E2021/m1/plots/catch1 landings.png, id=148, 469.755p
t x 361.35pt>
File: c:/CEGM/MODEL/merluza/M21/E2021/m1/plots/catch1 landings.png Graphic file
 (type png)
<use c:/CEGM/MODEL/merluza/M21/E2021/m1/plots/catch1 landings.png>
Package pdftex.def Info: c:/CEGM/MODEL/merluza/M21/E2021/m1/plots/catch1 landin
gs.png  used on input line 187.
(pdftex.def)             Requested size: 289.0804pt x 222.36954pt.
[5pdfTeX warning (ext4): destination with the same identifier (name{figure.1}) 
has been already used, duplicate ignored

\AtBegShi@Output ...ipout \box \AtBeginShipoutBox 
                                                  \fi \fi 
l.191 
       <c:/CEGM/MODEL/merluza/M21/E2021/m00/plots/catch1 landings.png>] [6pdfTe
X warning (ext4): destination with the same identifier (name{figure.2}) has bee
n already used, duplicate ignored

\AtBegShi@Output ...ipout \box \AtBeginShipoutBox 
                                                  \fi \fi 
l.248 \textbf{m2}
                  = 2 flotas y 2 fracciones no declaradas y S logística conpdf
TeX warning (ext4): destination with the same identifier (name{table.1}) has be
en already used, duplicate ignored

\AtBegShi@Output ...ipout \box \AtBeginShipoutBox 
                                                  \fi \fi 
l.248 \textbf{m2}
                  = 2 flotas y 2 fracciones no declaradas y S logística con <c
:/CEGM/MODEL/merluza/M21/E2021/m1/plots/catch1 landings.png>]
<c:/CEGM/MODEL/merluza/M21/E2021/m00/plots/data_plot.png, id=159, 469.755pt x 3
61.35pt>
File: c:/CEGM/MODEL/merluza/M21/E2021/m00/plots/data_plot.png Graphic file (typ
e png)
<use c:/CEGM/MODEL/merluza/M21/E2021/m00/plots/data_plot.png>
Package pdftex.def Info: c:/CEGM/MODEL/merluza/M21/E2021/m00/plots/data_plot.pn
g  used on input line 262.
(pdftex.def)             Requested size: 289.0804pt x 222.36954pt.
<c:/CEGM/MODEL/merluza/M21/E2021/m1/plots/data_plot.png, id=160, 469.755pt x 36
1.35pt>
File: c:/CEGM/MODEL/merluza/M21/E2021/m1/plots/data_plot.png Graphic file (type
 png)
<use c:/CEGM/MODEL/merluza/M21/E2021/m1/plots/data_plot.png>
Package pdftex.def Info: c:/CEGM/MODEL/merluza/M21/E2021/m1/plots/data_plot.png
  used on input line 269.
(pdftex.def)             Requested size: 289.0804pt x 222.36954pt.
[7pdfTeX warning (ext4): destination with the same identifier (name{figure.3}) 
has been already used, duplicate ignored

\AtBegShi@Output ...ipout \box \AtBeginShipoutBox 
                                                  \fi \fi 
l.285 
      pdfTeX warning (ext4): destination with the same identifier (name{figure.
4}) has been already used, duplicate ignored

\AtBegShi@Output ...ipout \box \AtBeginShipoutBox 
                                                  \fi \fi 
l.285 
       <c:/CEGM/MODEL/merluza/M21/E2021/m00/plots/data_plot.png> <c:/CEGM/MODEL
/merluza/M21/E2021/m1/plots/data_plot.png>]
File: c:/CEGM/MODEL/merluza/M21/E2021/m00/plots/data_plot.png Graphic file (typ
e png)
<use c:/CEGM/MODEL/merluza/M21/E2021/m00/plots/data_plot.png>
Package pdftex.def Info: c:/CEGM/MODEL/merluza/M21/E2021/m00/plots/data_plot.pn
g  used on input line 327.
(pdftex.def)             Requested size: 289.0804pt x 222.36954pt.
[8pdfTeX warning (ext4): destination with the same identifier (name{table.2}) h
as been already used, duplicate ignored

\AtBegShi@Output ...ipout \box \AtBeginShipoutBox 
                                                  \fi \fi 
l.331 
      ] [9pdfTeX warning (ext4): destination with the same identifier (name{fig
ure.5}) has been already used, duplicate ignored

\AtBegShi@Output ...ipout \box \AtBeginShipoutBox 
                                                  \fi \fi 
l.375 
      ]
Overfull \hbox (22.43854pt too wide) in paragraph at lines 394--410
 [][] 
 []

<c:/CEGM/MODEL/merluza/M21/E2021/m00/plots/sel02_multiple_fleets_age1.png, id=1
90, 469.755pt x 361.35pt>
File: c:/CEGM/MODEL/merluza/M21/E2021/m00/plots/sel02_multiple_fleets_age1.png 
Graphic file (type png)
<use c:/CEGM/MODEL/merluza/M21/E2021/m00/plots/sel02_multiple_fleets_age1.png>
Package pdftex.def Info: c:/CEGM/MODEL/merluza/M21/E2021/m00/plots/sel02_multip
le_fleets_age1.png  used on input line 434.
(pdftex.def)             Requested size: 289.0804pt x 222.36954pt.
[10]
<c:/CEGM/MODEL/merluza/M21/E2021/m00/plots/sel11_timevary_surf_flt1sex1.png, id
=203, 469.755pt x 361.35pt>
File: c:/CEGM/MODEL/merluza/M21/E2021/m00/plots/sel11_timevary_surf_flt1sex1.pn
g Graphic file (type png)
<use c:/CEGM/MODEL/merluza/M21/E2021/m00/plots/sel11_timevary_surf_flt1sex1.png
>
Package pdftex.def Info: c:/CEGM/MODEL/merluza/M21/E2021/m00/plots/sel11_timeva
ry_surf_flt1sex1.png  used on input line 447.
(pdftex.def)             Requested size: 289.0804pt x 222.36954pt.
<c:/CEGM/MODEL/merluza/M21/E2021/m00/plots/sel11_timevary_surf_flt2sex1.png, id
=204, 469.755pt x 361.35pt>
File: c:/CEGM/MODEL/merluza/M21/E2021/m00/plots/sel11_timevary_surf_flt2sex1.pn
g Graphic file (type png)
<use c:/CEGM/MODEL/merluza/M21/E2021/m00/plots/sel11_timevary_surf_flt2sex1.png
>
Package pdftex.def Info: c:/CEGM/MODEL/merluza/M21/E2021/m00/plots/sel11_timeva
ry_surf_flt2sex1.png  used on input line 454.
(pdftex.def)             Requested size: 289.0804pt x 222.36954pt.
[11pdfTeX warning (ext4): destination with the same identifier (name{figure.6})
 has been already used, duplicate ignored

\AtBegShi@Output ...ipout \box \AtBeginShipoutBox 
                                                  \fi \fi 
l.458 
      pdfTeX warning (ext4): destination with the same identifier (name{figure.
7}) has been already used, duplicate ignored

\AtBegShi@Output ...ipout \box \AtBeginShipoutBox 
                                                  \fi \fi 
l.458 
       <c:/CEGM/MODEL/merluza/M21/E2021/m00/plots/sel02_multiple_fleets_age1.pn
g> <c:/CEGM/MODEL/merluza/M21/E2021/m00/plots/sel11_timevary_surf_flt1sex1.png>
]
<c:/CEGM/MODEL/merluza/M21/E2021/m00/plots/sel11_timevary_surf_flt3sex1.png, id
=211, 469.755pt x 361.35pt>
File: c:/CEGM/MODEL/merluza/M21/E2021/m00/plots/sel11_timevary_surf_flt3sex1.pn
g Graphic file (type png)
<use c:/CEGM/MODEL/merluza/M21/E2021/m00/plots/sel11_timevary_surf_flt3sex1.png
>
Package pdftex.def Info: c:/CEGM/MODEL/merluza/M21/E2021/m00/plots/sel11_timeva
ry_surf_flt3sex1.png  used on input line 461.
(pdftex.def)             Requested size: 289.0804pt x 222.36954pt.
<c:/CEGM/MODEL/merluza/M21/E2021/m1/plots/sel02_multiple_fleets_age1.png, id=21
3, 469.755pt x 361.35pt>
File: c:/CEGM/MODEL/merluza/M21/E2021/m1/plots/sel02_multiple_fleets_age1.png G
raphic file (type png)
<use c:/CEGM/MODEL/merluza/M21/E2021/m1/plots/sel02_multiple_fleets_age1.png>
Package pdftex.def Info: c:/CEGM/MODEL/merluza/M21/E2021/m1/plots/sel02_multipl
e_fleets_age1.png  used on input line 479.
(pdftex.def)             Requested size: 289.0804pt x 222.36954pt.
[12pdfTeX warning (ext4): destination with the same identifier (name{figure.8})
 has been already used, duplicate ignored

\AtBegShi@Output ...ipout \box \AtBeginShipoutBox 
                                                  \fi \fi 
l.483 
      pdfTeX warning (ext4): destination with the same identifier (name{figure.
9}) has been already used, duplicate ignored

\AtBegShi@Output ...ipout \box \AtBeginShipoutBox 
                                                  \fi \fi 
l.483 
       <c:/CEGM/MODEL/merluza/M21/E2021/m00/plots/sel11_timevary_surf_flt2sex1.
png> <c:/CEGM/MODEL/merluza/M21/E2021/m00/plots/sel11_timevary_surf_flt3sex1.pn
g>]
<c:/CEGM/MODEL/merluza/M21/E2021/m1/plots/sel11_timevary_surf_flt1sex1.png, id=
223, 469.755pt x 361.35pt>
File: c:/CEGM/MODEL/merluza/M21/E2021/m1/plots/sel11_timevary_surf_flt1sex1.png
 Graphic file (type png)
<use c:/CEGM/MODEL/merluza/M21/E2021/m1/plots/sel11_timevary_surf_flt1sex1.png>

Package pdftex.def Info: c:/CEGM/MODEL/merluza/M21/E2021/m1/plots/sel11_timevar
y_surf_flt1sex1.png  used on input line 489.
(pdftex.def)             Requested size: 289.0804pt x 222.36954pt.
<c:/CEGM/MODEL/merluza/M21/E2021/m1/plots/sel11_timevary_surf_flt2sex1.png, id=
224, 469.755pt x 361.35pt>
File: c:/CEGM/MODEL/merluza/M21/E2021/m1/plots/sel11_timevary_surf_flt2sex1.png
 Graphic file (type png)
<use c:/CEGM/MODEL/merluza/M21/E2021/m1/plots/sel11_timevary_surf_flt2sex1.png>

Package pdftex.def Info: c:/CEGM/MODEL/merluza/M21/E2021/m1/plots/sel11_timevar
y_surf_flt2sex1.png  used on input line 496.
(pdftex.def)             Requested size: 289.0804pt x 222.36954pt.
[13pdfTeX warning (ext4): destination with the same identifier (name{figure.10}
) has been already used, duplicate ignored

\AtBegShi@Output ...ipout \box \AtBeginShipoutBox 
                                                  \fi \fi 
l.500 
      pdfTeX warning (ext4): destination with the same identifier (name{figure.
11}) has been already used, duplicate ignored

\AtBegShi@Output ...ipout \box \AtBeginShipoutBox 
                                                  \fi \fi 
l.500 
       <c:/CEGM/MODEL/merluza/M21/E2021/m1/plots/sel02_multiple_fleets_age1.png
> <c:/CEGM/MODEL/merluza/M21/E2021/m1/plots/sel11_timevary_surf_flt1sex1.png>]
<c:/CEGM/MODEL/merluza/M21/E2021/m1/plots/sel11_timevary_surf_flt5sex1.png, id=
232, 469.755pt x 361.35pt>
File: c:/CEGM/MODEL/merluza/M21/E2021/m1/plots/sel11_timevary_surf_flt5sex1.png
 Graphic file (type png)
<use c:/CEGM/MODEL/merluza/M21/E2021/m1/plots/sel11_timevary_surf_flt5sex1.png>

Package pdftex.def Info: c:/CEGM/MODEL/merluza/M21/E2021/m1/plots/sel11_timevar
y_surf_flt5sex1.png  used on input line 503.
(pdftex.def)             Requested size: 289.0804pt x 222.36954pt.
<c:/CEGM/MODEL/merluza/M21/E2021/m00/plots/catch9 harvest rate.png, id=233, 469
.755pt x 361.35pt>
File: c:/CEGM/MODEL/merluza/M21/E2021/m00/plots/catch9 harvest rate.png Graphic
 file (type png)
<use c:/CEGM/MODEL/merluza/M21/E2021/m00/plots/catch9 harvest rate.png>
Package pdftex.def Info: c:/CEGM/MODEL/merluza/M21/E2021/m00/plots/catch9 harve
st rate.png  used on input line 513.
(pdftex.def)             Requested size: 289.0804pt x 222.36954pt.
[14pdfTeX warning (ext4): destination with the same identifier (name{figure.12}
) has been already used, duplicate ignored

\AtBegShi@Output ...ipout \box \AtBeginShipoutBox 
                                                  \fi \fi 
l.517 
      pdfTeX warning (ext4): destination with the same identifier (name{figure.
13}) has been already used, duplicate ignored

\AtBegShi@Output ...ipout \box \AtBeginShipoutBox 
                                                  \fi \fi 
l.517 
       <c:/CEGM/MODEL/merluza/M21/E2021/m1/plots/sel11_timevary_surf_flt2sex1.p
ng> <c:/CEGM/MODEL/merluza/M21/E2021/m1/plots/sel11_timevary_surf_flt5sex1.png>
]
<c:/CEGM/MODEL/merluza/M21/E2021/m01/plots/catch9 harvest rate.png, id=241, 469
.755pt x 361.35pt>
File: c:/CEGM/MODEL/merluza/M21/E2021/m01/plots/catch9 harvest rate.png Graphic
 file (type png)
<use c:/CEGM/MODEL/merluza/M21/E2021/m01/plots/catch9 harvest rate.png>
Package pdftex.def Info: c:/CEGM/MODEL/merluza/M21/E2021/m01/plots/catch9 harve
st rate.png  used on input line 520.
(pdftex.def)             Requested size: 289.0804pt x 222.36954pt.
<c:/CEGM/MODEL/merluza/M21/E2021/m1/plots/catch9 harvest rate.png, id=242, 469.
755pt x 361.35pt>
File: c:/CEGM/MODEL/merluza/M21/E2021/m1/plots/catch9 harvest rate.png Graphic 
file (type png)
<use c:/CEGM/MODEL/merluza/M21/E2021/m1/plots/catch9 harvest rate.png>
Package pdftex.def Info: c:/CEGM/MODEL/merluza/M21/E2021/m1/plots/catch9 harves
t rate.png  used on input line 527.
(pdftex.def)             Requested size: 289.0804pt x 222.36954pt.
[15pdfTeX warning (ext4): destination with the same identifier (name{figure.14}
) has been already used, duplicate ignored

\AtBegShi@Output ...ipout \box \AtBeginShipoutBox 
                                                  \fi \fi 
l.531 
      pdfTeX warning (ext4): destination with the same identifier (name{figure.
15}) has been already used, duplicate ignored

\AtBegShi@Output ...ipout \box \AtBeginShipoutBox 
                                                  \fi \fi 
l.531 
       <c:/CEGM/MODEL/merluza/M21/E2021/m00/plots/catch9 harvest rate.png> <c:/
CEGM/MODEL/merluza/M21/E2021/m01/plots/catch9 harvest rate.png>]
<c:/CEGM/MODEL/merluza/M21/E2021/m2/plots/catch9 harvest rate.png, id=249, 469.
755pt x 361.35pt>
File: c:/CEGM/MODEL/merluza/M21/E2021/m2/plots/catch9 harvest rate.png Graphic 
file (type png)
<use c:/CEGM/MODEL/merluza/M21/E2021/m2/plots/catch9 harvest rate.png>
Package pdftex.def Info: c:/CEGM/MODEL/merluza/M21/E2021/m2/plots/catch9 harves
t rate.png  used on input line 534.
(pdftex.def)             Requested size: 289.0804pt x 222.36954pt.
<c:/CEGM/MODEL/merluza/M21/E2021/m3/plots/catch9 harvest rate.png, id=250, 469.
755pt x 361.35pt>
File: c:/CEGM/MODEL/merluza/M21/E2021/m3/plots/catch9 harvest rate.png Graphic 
file (type png)
<use c:/CEGM/MODEL/merluza/M21/E2021/m3/plots/catch9 harvest rate.png>
Package pdftex.def Info: c:/CEGM/MODEL/merluza/M21/E2021/m3/plots/catch9 harves
t rate.png  used on input line 541.
(pdftex.def)             Requested size: 289.0804pt x 222.36954pt.
[16pdfTeX warning (ext4): destination with the same identifier (name{figure.16}
) has been already used, duplicate ignored

\AtBegShi@Output ...ipout \box \AtBeginShipoutBox 
                                                  \fi \fi 
l.545 
      pdfTeX warning (ext4): destination with the same identifier (name{figure.
17}) has been already used, duplicate ignored

\AtBegShi@Output ...ipout \box \AtBeginShipoutBox 
                                                  \fi \fi 
l.545 
       <c:/CEGM/MODEL/merluza/M21/E2021/m1/plots/catch9 harvest rate.png> <c:/C
EGM/MODEL/merluza/M21/E2021/m2/plots/catch9 harvest rate.png>]
<c:/CEGM/MODEL/merluza/M21/E2021/m4/plots/catch9 harvest rate.png, id=257, 469.
755pt x 361.35pt>
File: c:/CEGM/MODEL/merluza/M21/E2021/m4/plots/catch9 harvest rate.png Graphic 
file (type png)
<use c:/CEGM/MODEL/merluza/M21/E2021/m4/plots/catch9 harvest rate.png>
Package pdftex.def Info: c:/CEGM/MODEL/merluza/M21/E2021/m4/plots/catch9 harves
t rate.png  used on input line 548.
(pdftex.def)             Requested size: 289.0804pt x 222.36954pt.
<c:/CEGM/MODEL/merluza/M21/E2021/m5/plots/catch9 harvest rate.png, id=258, 469.
755pt x 361.35pt>
File: c:/CEGM/MODEL/merluza/M21/E2021/m5/plots/catch9 harvest rate.png Graphic 
file (type png)
<use c:/CEGM/MODEL/merluza/M21/E2021/m5/plots/catch9 harvest rate.png>
Package pdftex.def Info: c:/CEGM/MODEL/merluza/M21/E2021/m5/plots/catch9 harves
t rate.png  used on input line 555.
(pdftex.def)             Requested size: 289.0804pt x 222.36954pt.
[17pdfTeX warning (ext4): destination with the same identifier (name{figure.18}
) has been already used, duplicate ignored

\AtBegShi@Output ...ipout \box \AtBeginShipoutBox 
                                                  \fi \fi 
l.559 
      pdfTeX warning (ext4): destination with the same identifier (name{figure.
19}) has been already used, duplicate ignored

\AtBegShi@Output ...ipout \box \AtBeginShipoutBox 
                                                  \fi \fi 
l.559 
       <c:/CEGM/MODEL/merluza/M21/E2021/m3/plots/catch9 harvest rate.png> <c:/C
EGM/MODEL/merluza/M21/E2021/m4/plots/catch9 harvest rate.png>]
<c:/CEGM/MODEL/merluza/M21/E2021/m00/plots/comp_agefit_flt1mkt0_page1.png, id=2
65, 469.755pt x 361.35pt>
File: c:/CEGM/MODEL/merluza/M21/E2021/m00/plots/comp_agefit_flt1mkt0_page1.png 
Graphic file (type png)
<use c:/CEGM/MODEL/merluza/M21/E2021/m00/plots/comp_agefit_flt1mkt0_page1.png>
Package pdftex.def Info: c:/CEGM/MODEL/merluza/M21/E2021/m00/plots/comp_agefit_
flt1mkt0_page1.png  used on input line 566.
(pdftex.def)             Requested size: 433.62059pt x 333.5543pt.
<c:/CEGM/MODEL/merluza/M21/E2021/m00/plots/comp_agefit_flt1mkt0_page2.png, id=2
66, 469.755pt x 361.35pt>
File: c:/CEGM/MODEL/merluza/M21/E2021/m00/plots/comp_agefit_flt1mkt0_page2.png 
Graphic file (type png)
<use c:/CEGM/MODEL/merluza/M21/E2021/m00/plots/comp_agefit_flt1mkt0_page2.png>
Package pdftex.def Info: c:/CEGM/MODEL/merluza/M21/E2021/m00/plots/comp_agefit_
flt1mkt0_page2.png  used on input line 573.
(pdftex.def)             Requested size: 433.62059pt x 333.5543pt.
[18pdfTeX warning (ext4): destination with the same identifier (name{figure.20}
) has been already used, duplicate ignored

\AtBegShi@Output ...ipout \box \AtBeginShipoutBox 
                                                  \fi \fi 
l.577 
      pdfTeX warning (ext4): destination with the same identifier (name{figure.
21}) has been already used, duplicate ignored

\AtBegShi@Output ...ipout \box \AtBeginShipoutBox 
                                                  \fi \fi 
l.577 
       <c:/CEGM/MODEL/merluza/M21/E2021/m5/plots/catch9 harvest rate.png> <c:/C
EGM/MODEL/merluza/M21/E2021/m00/plots/comp_agefit_flt1mkt0_page1.png>]
<c:/CEGM/MODEL/merluza/M21/E2021/m00/plots/comp_agefit__multi-fleet_comparison.
png, id=274, 469.755pt x 361.35pt>
File: c:/CEGM/MODEL/merluza/M21/E2021/m00/plots/comp_agefit__multi-fleet_compar
ison.png Graphic file (type png)
<use c:/CEGM/MODEL/merluza/M21/E2021/m00/plots/comp_agefit__multi-fleet_compari
son.png>
Package pdftex.def Info: c:/CEGM/MODEL/merluza/M21/E2021/m00/plots/comp_agefit_
_multi-fleet_comparison.png  used on input line 580.
(pdftex.def)             Requested size: 289.0804pt x 222.36954pt.
File: c:/CEGM/MODEL/merluza/M21/E2021/m00/plots/comp_agefit_flt1mkt0_page2.png 
Graphic file (type png)
<use c:/CEGM/MODEL/merluza/M21/E2021/m00/plots/comp_agefit_flt1mkt0_page2.png>
Package pdftex.def Info: c:/CEGM/MODEL/merluza/M21/E2021/m00/plots/comp_agefit_
flt1mkt0_page2.png  used on input line 587.
(pdftex.def)             Requested size: 433.62059pt x 333.5543pt.
[19pdfTeX warning (ext4): destination with the same identifier (name{figure.22}
) has been already used, duplicate ignored

\AtBegShi@Output ...ipout \box \AtBeginShipoutBox 
                                                  \fi \fi 
l.591 
      pdfTeX warning (ext4): destination with the same identifier (name{figure.
23}) has been already used, duplicate ignored

\AtBegShi@Output ...ipout \box \AtBeginShipoutBox 
                                                  \fi \fi 
l.591 
       <c:/CEGM/MODEL/merluza/M21/E2021/m00/plots/comp_agefit_flt1mkt0_page2.pn
g> <c:/CEGM/MODEL/merluza/M21/E2021/m00/plots/comp_agefit__multi-fleet_comparis
on.png>]
<c:/CEGM/MODEL/merluza/M21/E2021/scompara/compare2_spawnbio_uncertainty.png, id
=282, 469.755pt x 361.35pt>
File: c:/CEGM/MODEL/merluza/M21/E2021/scompara/compare2_spawnbio_uncertainty.pn
g Graphic file (type png)
<use c:/CEGM/MODEL/merluza/M21/E2021/scompara/compare2_spawnbio_uncertainty.png
>
Package pdftex.def Info: c:/CEGM/MODEL/merluza/M21/E2021/scompara/compare2_spaw
nbio_uncertainty.png  used on input line 597.
(pdftex.def)             Requested size: 289.0804pt x 222.36954pt.
<c:/CEGM/MODEL/merluza/M21/E2021/scompara/compare10_recruits_uncertainty.png, i
d=283, 469.755pt x 361.35pt>
File: c:/CEGM/MODEL/merluza/M21/E2021/scompara/compare10_recruits_uncertainty.p
ng Graphic file (type png)
<use c:/CEGM/MODEL/merluza/M21/E2021/scompara/compare10_recruits_uncertainty.pn
g>
Package pdftex.def Info: c:/CEGM/MODEL/merluza/M21/E2021/scompara/compare10_rec
ruits_uncertainty.png  used on input line 604.
(pdftex.def)             Requested size: 289.0804pt x 222.36954pt.
[20pdfTeX warning (ext4): destination with the same identifier (name{figure.24}
) has been already used, duplicate ignored

\AtBegShi@Output ...ipout \box \AtBeginShipoutBox 
                                                  \fi \fi 
l.608 
      pdfTeX warning (ext4): destination with the same identifier (name{figure.
25}) has been already used, duplicate ignored

\AtBegShi@Output ...ipout \box \AtBeginShipoutBox 
                                                  \fi \fi 
l.608 
       <c:/CEGM/MODEL/merluza/M21/E2021/scompara/compare2_spawnbio_uncertainty.
png>]
<c:/CEGM/MODEL/merluza/M21/E2021/scompara/compare13_indices_flt.png, id=290, 46
9.755pt x 361.35pt>
File: c:/CEGM/MODEL/merluza/M21/E2021/scompara/compare13_indices_flt.png Graphi
c file (type png)
<use c:/CEGM/MODEL/merluza/M21/E2021/scompara/compare13_indices_flt.png>
Package pdftex.def Info: c:/CEGM/MODEL/merluza/M21/E2021/scompara/compare13_ind
ices_flt.png  used on input line 611.
(pdftex.def)             Requested size: 289.0804pt x 222.36954pt.
<c:/CEGM/MODEL/merluza/M21/E2021/scompara/compare16_densities_SSB_Virgin.png, i
d=291, 469.755pt x 361.35pt>
File: c:/CEGM/MODEL/merluza/M21/E2021/scompara/compare16_densities_SSB_Virgin.p
ng Graphic file (type png)
<use c:/CEGM/MODEL/merluza/M21/E2021/scompara/compare16_densities_SSB_Virgin.pn
g>
Package pdftex.def Info: c:/CEGM/MODEL/merluza/M21/E2021/scompara/compare16_den
sities_SSB_Virgin.png  used on input line 618.
(pdftex.def)             Requested size: 289.0804pt x 222.36954pt.
[21pdfTeX warning (ext4): destination with the same identifier (name{figure.26}
) has been already used, duplicate ignored

\AtBegShi@Output ...ipout \box \AtBeginShipoutBox 
                                                  \fi \fi 
l.622 
      pdfTeX warning (ext4): destination with the same identifier (name{figure.
27}) has been already used, duplicate ignored

\AtBegShi@Output ...ipout \box \AtBeginShipoutBox 
                                                  \fi \fi 
l.622 
       <c:/CEGM/MODEL/merluza/M21/E2021/scompara/compare10_recruits_uncertainty
.png> <c:/CEGM/MODEL/merluza/M21/E2021/scompara/compare13_indices_flt.png>]
<c:/CEGM/MODEL/merluza/M21/E2021/scompara/compare7_Fvalue.png, id=298, 469.755p
t x 361.35pt>
File: c:/CEGM/MODEL/merluza/M21/E2021/scompara/compare7_Fvalue.png Graphic file
 (type png)
<use c:/CEGM/MODEL/merluza/M21/E2021/scompara/compare7_Fvalue.png>
Package pdftex.def Info: c:/CEGM/MODEL/merluza/M21/E2021/scompara/compare7_Fval
ue.png  used on input line 625.
(pdftex.def)             Requested size: 289.0804pt x 222.36954pt.
[22pdfTeX warning (ext4): destination with the same identifier (name{figure.28}
) has been already used, duplicate ignored

\AtBegShi@Output ...ipout \box \AtBeginShipoutBox 
                                                  \fi \fi 
l.630 \newpage
              pdfTeX warning (ext4): destination with the same identifier (name
{figure.29}) has been already used, duplicate ignored

\AtBegShi@Output ...ipout \box \AtBeginShipoutBox 
                                                  \fi \fi 
l.630 \newpage
               <c:/CEGM/MODEL/merluza/M21/E2021/scompara/compare16_densities_SS
B_Virgin.png> <c:/CEGM/MODEL/merluza/M21/E2021/scompara/compare7_Fvalue.png>]
LaTeX Font Info:    Trying to load font information for T1+lmtt on input line 6
66.
("C:\Program Files\MiKTeX 2.9\tex/latex/lm\t1lmtt.fd"
File: t1lmtt.fd 2009/10/30 v1.6 Font defs for Latin Modern
)
Package atveryend Info: Empty hook `BeforeClearDocument' on input line 673.
[23]
Package atveryend Info: Empty hook `AfterLastShipout' on input line 673.
(DT2021cct.aux
LaTeX Info: Redefining \. on input line 25.
LaTeX Info: Redefining \% on input line 25.
)
Package atveryend Info: Executing hook `AtVeryEndDocument' on input line 673.
Package atveryend Info: Empty hook `AtEndAfterFileList' on input line 673.

LaTeX Warning: There were multiply-defined labels.

 ) 
Here is how much of TeX's memory you used:
 14783 strings out of 492484
 221231 string characters out of 3130431
 348402 words of memory out of 3000000
 18663 multiletter control sequences out of 15000+200000
 61674 words of font info for 99 fonts, out of 3000000 for 9000
 1141 hyphenation exceptions out of 8191
 46i,11n,42p,810b,635s stack positions out of 5000i,500n,10000p,200000b,50000s
{C:/Program Files/MiKTeX 2.9/fonts/enc/dvips/lm/lm-ec.enc}{C:/Program Files/M
iKTeX 2.9/fonts/enc/dvips/lm/lm-rm.enc}{C:/Program Files/MiKTeX 2.9/fonts/enc/d
vips/lm/lm-mathsy.enc}{C:/Program Files/MiKTeX 2.9/fonts/enc/dvips/lm/lm-mathit
.enc}{C:/Program Files/MiKTeX 2.9/fonts/enc/dvips/lm/lm-ts1.enc}<C:/Program Fil
es/MiKTeX 2.9/fonts/type1/public/lm/lmbx12.pfb><C:/Program Files/MiKTeX 2.9/fon
ts/type1/public/lm/lmmi12.pfb><C:/Program Files/MiKTeX 2.9/fonts/type1/public/l
m/lmmi8.pfb><C:/Program Files/MiKTeX 2.9/fonts/type1/public/lm/lmr12.pfb><C:/Pr
ogram Files/MiKTeX 2.9/fonts/type1/public/lm/lmr17.pfb><C:/Program Files/MiKTeX
 2.9/fonts/type1/public/lm/lmr8.pfb><C:/Program Files/MiKTeX 2.9/fonts/type1/pu
blic/lm/lmri12.pfb><C:/Program Files/MiKTeX 2.9/fonts/type1/public/lm/lmsy10.pf
b><C:/Program Files/MiKTeX 2.9/fonts/type1/public/lm/lmtt8.pfb>
Output written on DT2021cct.pdf (23 pages, 1161807 bytes).
PDF statistics:
 426 PDF objects out of 1000 (max. 8388607)
 102 named destinations out of 1000 (max. 500000)
 10520 words of extra memory for PDF output out of 12000 (max. 10000000)

